0 info it worked if it ends with ok
1 verbose cli [ 'node', '/usr/local/bin/npm', 'install', 'app.json', '--global' ]
2 info using npm@2.12.1
3 info using node@v0.12.7
4 verbose node symlink /usr/local/bin/node
5 verbose install initial load of /usr/local/lib/package.json
6 verbose readDependencies loading dependencies from /usr/local/lib/package.json
7 silly cache add args [ 'app.json', null ]
8 verbose cache add spec app.json
9 silly cache add parsed spec { raw: 'app.json',
9 silly cache add   scope: null,
9 silly cache add   name: null,
9 silly cache add   rawSpec: 'app.json',
9 silly cache add   spec: '/Users/Garth/Documents/binnacle/heroku_button_test/app.json',
9 silly cache add   type: 'local' }
10 silly addLocalTarball shasum (computed) 70eb71f1d01588b156d198b79c66521e70885c47
11 verbose addTmpTarball /Users/Garth/Documents/binnacle/heroku_button_test/app.json not in flight; adding
12 verbose addTmpTarball validating metadata from /Users/Garth/Documents/binnacle/heroku_button_test/app.json
13 verbose tar unpack /Users/Garth/Documents/binnacle/heroku_button_test/app.json
14 verbose tar unpacking to /tmp/npm-32225-b3f278c6/unpack-887ca7f270e8
15 silly gentlyRm /tmp/npm-32225-b3f278c6/unpack-887ca7f270e8 is being purged
16 verbose gentlyRm don't care about contents; nuking /tmp/npm-32225-b3f278c6/unpack-887ca7f270e8
17 silly gunzTarPerm modes [ '755', '644' ]
18 error not a package /Users/Garth/Documents/binnacle/heroku_button_test/app.json
19 error addLocal Could not install /Users/Garth/Documents/binnacle/heroku_button_test/app.json
20 verbose stack Error: ENOENT, open '/tmp/npm-32225-b3f278c6/unpack-887ca7f270e8/package.json'
20 verbose stack     at Error (native)
21 verbose cwd /Users/Garth/Documents/binnacle/heroku_button_test
22 error Darwin 15.3.0
23 error argv "node" "/usr/local/bin/npm" "install" "app.json" "--global"
24 error node v0.12.7
25 error npm  v2.12.1
26 error path /tmp/npm-32225-b3f278c6/unpack-887ca7f270e8/package.json
27 error code ENOENT
28 error errno -2
29 error enoent ENOENT, open '/tmp/npm-32225-b3f278c6/unpack-887ca7f270e8/package.json'
29 error enoent This is most likely not a problem with npm itself
29 error enoent and is related to npm not being able to find a file.
30 verbose exit [ -2, true ]
